<?xml version="1.0" encoding="UTF-8"?>
<!-- Generated by org.testng.reporters.JUnitReportReporter -->
<testsuite hostname="DI2INPUN0526WNB" failures="0" tests="2" name="pawaracademy.tests.ErrorValidationTest" time="39.173" errors="0" timestamp="30 Oct 2023 12:59:36 GMT" skipped="0">
  <testcase classname="pawaracademy.tests.ErrorValidationTest" name="ProductErrorValidation" time="36.401"/>
  <testcase classname="pawaracademy.tests.ErrorValidationTest" name="LoginErrorValidation" time="2.772"/>
</testsuite> <!-- pawaracademy.tests.ErrorValidationTest -->
