<?xml version="1.0" encoding="UTF-8"?>
<!-- Generated by org.testng.reporters.JUnitReportReporter -->
<testsuite hostname="DI2INPUN0526WNB" failures="0" tests="1" name="pawaracademy.tests.ErrorValidation" time="12.353" errors="0" timestamp="16 Oct 2023 05:50:50 GMT" skipped="0">
  <testcase classname="pawaracademy.tests.ErrorValidation" name="ProductErrorValidation" time="12.353"/>
</testsuite> <!-- pawaracademy.tests.ErrorValidation -->
