<?xml version="1.0" encoding="UTF-8"?>
<!-- Generated by org.testng.reporters.JUnitReportReporter -->
<testsuite hostname="DI2INPUN0526WNB" failures="0" tests="3" name="pawaracademy.tests.SubmitOrderTest" time="42.570" errors="0" timestamp="06 Feb 2024 06:23:25 GMT" skipped="0">
  <testcase classname="pawaracademy.tests.SubmitOrderTest" name="OrderHistoryTest" time="3.280"/>
  <testcase classname="pawaracademy.tests.SubmitOrderTest" name="submitOrder" time="13.939"/>
  <testcase classname="pawaracademy.tests.SubmitOrderTest" name="submitOrder" time="25.351"/>
</testsuite> <!-- pawaracademy.tests.SubmitOrderTest -->
