<?xml version="1.0" encoding="UTF-8"?>
<!-- Generated by org.testng.reporters.JUnitReportReporter -->
<testsuite hostname="DI2INPUN0526WNB" failures="0" tests="2" name="Cucumber.TestNGTestRunner" time="28.072" errors="0" timestamp="06 Feb 2024 06:43:50 GMT" skipped="0">
  <testcase classname="Cucumber.TestNGTestRunner" name="runScenario" time="2.818"/>
  <testcase classname="Cucumber.TestNGTestRunner" name="runScenario" time="25.254"/>
</testsuite> <!-- Cucumber.TestNGTestRunner -->
