<?xml version="1.0" encoding="UTF-8"?>
<!-- Generated by org.testng.reporters.JUnitReportReporter -->
<testsuite hostname="DI2INPUN0526WNB" failures="0" tests="2" name="pawaracademy.tests.ErrorValidationTest" time="19.677" errors="0" timestamp="06 Nov 2023 07:26:11 GMT" skipped="0">
  <testcase classname="pawaracademy.tests.ErrorValidationTest" name="ProductErrorValidation" time="15.093"/>
  <testcase classname="pawaracademy.tests.ErrorValidationTest" name="LoginErrorValidation" time="4.584"/>
</testsuite> <!-- pawaracademy.tests.ErrorValidationTest -->
